<?xml version="1.0" encoding="UTF-8"?>
<!-- Generated by org.testng.reporters.JUnitXMLReporter -->
<testsuite ignored="0" hostname="DESKTOP-J61BDUF" failures="1" tests="1" name="BackEnd Test" time="0.007" errors="0" timestamp="2022-06-14T19:30:37 WIB">
  <testcase classname="com.nexsoft.posttest.dashboard.PTCRUDBuildTest" name="crudBuild1" time="0.002">
    <failure type="java.lang.NullPointerException" message="Cannot invoke &amp;quot;org.openqa.selenium.WebDriver.findElement(org.openqa.selenium.By)&amp;quot; because &amp;quot;this.driver&amp;quot; is null">
      <![CDATA[java.lang.NullPointerException: Cannot invoke "org.openqa.selenium.WebDriver.findElement(org.openqa.selenium.By)" because "this.driver" is null
at com.nexsoft.posttest.dashboard.PTCRUDBuildTest.crudBuild1(PTCRUDBuildTest.java:27)
at java.base/java.util.ArrayList.forEach(ArrayList.java:1511)
... Removed 27 stack frames]]>
    </failure>
  </testcase> <!-- crudBuild1 -->
</testsuite> <!-- BackEnd Test -->
